Case #1: 1 1
Case #2: 1 1
Case #3: 10 10
Case #4: 0 0
Case #5: 1 1
Case #6: 0 0
Case #7: 8 2
Case #8: 5 1
Case #9: 0 0
Case #10: 5 0
Case #11: 0 0
Case #12: 5 3
Case #13: 0 0
Case #14: 5 1
Case #15: 0 0
Case #16: 0 0
Case #17: 6 2
Case #18: 6 1
Case #19: 9 3
Case #20: 2 2
Case #21: 8 2
Case #22: 8 2
Case #23: 2 0
Case #24: 6 2
Case #25: 4 1
Case #26: 7 1
Case #27: 10 10
Case #28: 3 0
Case #29: 10 3
Case #30: 8 2
Case #31: 0 0
Case #32: 0 0
Case #33: 5 1
Case #34: 6 3
Case #35: 0 0
Case #36: 9 1
Case #37: 0 0
Case #38: 2 0
Case #39: 8 8
Case #40: 1 1
Case #41: 8 4
Case #42: 1 1
Case #43: 1 0
Case #44: 9 1
Case #45: 3 2
Case #46: 8 3
Case #47: 8 3
Case #48: 1 0
Case #49: 8 3
Case #50: 0 0
